1747134425143|12|statement|connection 0|url jdbc:p6spy:mysql://localhost:3306/jobis_prod_copy|SELECT version()|SELECT version()
1747134425155|2|statement|connection 0|url jdbc:p6spy:mysql://localhost:3306/jobis_prod_copy|select VARIABLE_VALUE from performance_schema.global_variables where variable_name = 'pxc_strict_mode'|select VARIABLE_VALUE from performance_schema.global_variables where variable_name = 'pxc_strict_mode'
1747134425156|0|statement|connection 0|url jdbc:p6spy:mysql://localhost:3306/jobis_prod_copy|SELECT @@GLOBAL.ENFORCE_GTID_CONSISTENCY|SELECT @@GLOBAL.ENFORCE_GTID_CONSISTENCY
1747134425160|0|statement|connection 0|url jdbc:p6spy:mysql://localhost:3306/jobis_prod_copy|SELECT DATABASE()|SELECT DATABASE()
1747134425161|0|statement|connection 0|url jdbc:p6spy:mysql://localhost:3306/jobis_prod_copy|SELECT variable_name FROM performance_schema.user_variables_by_thread WHERE variable_value IS NOT NULL|SELECT variable_name FROM performance_schema.user_variables_by_thread WHERE variable_value IS NOT NULL
1747134425175|0|statement|connection 0|url jdbc:p6spy:mysql://localhost:3306/jobis_prod_copy|SELECT @@foreign_key_checks|SELECT @@foreign_key_checks
1747134425175|0|statement|connection 0|url jdbc:p6spy:mysql://localhost:3306/jobis_prod_copy|SELECT @@sql_safe_updates|SELECT @@sql_safe_updates
1747134425177|0|statement|connection 0|url jdbc:p6spy:mysql://localhost:3306/jobis_prod_copy|SELECT DATABASE()|SELECT DATABASE()
1747134425180|0|statement|connection 0|url jdbc:p6spy:mysql://localhost:3306/jobis_prod_copy|SELECT DATABASE()|SELECT DATABASE()
1747134425181|0|statement|connection 0|url jdbc:p6spy:mysql://localhost:3306/jobis_prod_copy|SELECT SUBSTRING_INDEX(USER(),'@',1)|SELECT SUBSTRING_INDEX(USER(),'@',1)
1747134425185|0|statement|connection 0|url jdbc:p6spy:mysql://localhost:3306/jobis_prod_copy|SELECT version()|SELECT version()
1747134425192|2|statement|connection 0|url jdbc:p6spy:mysql://localhost:3306/jobis_prod_copy|SELECT COUNT(1) FROM information_schema.schemata WHERE schema_name=? LIMIT 1|SELECT COUNT(1) FROM information_schema.schemata WHERE schema_name='jobis_prod_copy' LIMIT 1
1747134425242|1|statement|connection 0|url jdbc:p6spy:mysql://localhost:3306/jobis_prod_copy|SELECT variable_name FROM performance_schema.user_variables_by_thread WHERE variable_value IS NOT NULL|SELECT variable_name FROM performance_schema.user_variables_by_thread WHERE variable_value IS NOT NULL
1747134425243|1|statement|connection 0|url jdbc:p6spy:mysql://localhost:3306/jobis_prod_copy|SET foreign_key_checks=?, sql_safe_updates=?|SET foreign_key_checks=1, sql_safe_updates=0
1747134425251|1|statement|connection 0|url jdbc:p6spy:mysql://localhost:3306/jobis_prod_copy|SELECT `installed_rank`,`version`,`description`,`type`,`script`,`checksum`,`installed_on`,`installed_by`,`execution_time`,`success` FROM `jobis_prod_copy`.`flyway_schema_history` WHERE `installed_rank` > ? ORDER BY `installed_rank`|SELECT `installed_rank`,`version`,`description`,`type`,`script`,`checksum`,`installed_on`,`installed_by`,`execution_time`,`success` FROM `jobis_prod_copy`.`flyway_schema_history` WHERE `installed_rank` > -1 ORDER BY `installed_rank`
1747134425267|0|commit|connection 0|url jdbc:p6spy:mysql://localhost:3306/jobis_prod_copy||
1747134425272|1|statement|connection 0|url jdbc:p6spy:mysql://localhost:3306/jobis_prod_copy|SELECT COUNT(1) FROM information_schema.schemata WHERE schema_name=? LIMIT 1|SELECT COUNT(1) FROM information_schema.schemata WHERE schema_name='jobis_prod_copy' LIMIT 1
1747134425274|0|commit|connection 0|url jdbc:p6spy:mysql://localhost:3306/jobis_prod_copy||
1747134425276|1|statement|connection 0|url jdbc:p6spy:mysql://localhost:3306/jobis_prod_copy|SELECT variable_name FROM performance_schema.user_variables_by_thread WHERE variable_value IS NOT NULL|SELECT variable_name FROM performance_schema.user_variables_by_thread WHERE variable_value IS NOT NULL
1747134425277|0|statement|connection 0|url jdbc:p6spy:mysql://localhost:3306/jobis_prod_copy|SET foreign_key_checks=?, sql_safe_updates=?|SET foreign_key_checks=1, sql_safe_updates=0
1747134425283|1|statement|connection 0|url jdbc:p6spy:mysql://localhost:3306/jobis_prod_copy|SELECT variable_name FROM performance_schema.user_variables_by_thread WHERE variable_value IS NOT NULL|SELECT variable_name FROM performance_schema.user_variables_by_thread WHERE variable_value IS NOT NULL
1747134425283|0|statement|connection 0|url jdbc:p6spy:mysql://localhost:3306/jobis_prod_copy|SET foreign_key_checks=?, sql_safe_updates=?|SET foreign_key_checks=1, sql_safe_updates=0
1747134425286|1|statement|connection 0|url jdbc:p6spy:mysql://localhost:3306/jobis_prod_copy|SELECT GET_LOCK(?,10)|SELECT GET_LOCK('Flyway--1896437612',10)
1747134425287|0|statement|connection 0|url jdbc:p6spy:mysql://localhost:3306/jobis_prod_copy|SELECT variable_name FROM performance_schema.user_variables_by_thread WHERE variable_value IS NOT NULL|SELECT variable_name FROM performance_schema.user_variables_by_thread WHERE variable_value IS NOT NULL
1747134425288|0|statement|connection 0|url jdbc:p6spy:mysql://localhost:3306/jobis_prod_copy|SET foreign_key_checks=?, sql_safe_updates=?|SET foreign_key_checks=1, sql_safe_updates=0
1747134425291|0|statement|connection 0|url jdbc:p6spy:mysql://localhost:3306/jobis_prod_copy|SELECT `installed_rank`,`version`,`description`,`type`,`script`,`checksum`,`installed_on`,`installed_by`,`execution_time`,`success` FROM `jobis_prod_copy`.`flyway_schema_history` WHERE `installed_rank` > ? ORDER BY `installed_rank`|SELECT `installed_rank`,`version`,`description`,`type`,`script`,`checksum`,`installed_on`,`installed_by`,`execution_time`,`success` FROM `jobis_prod_copy`.`flyway_schema_history` WHERE `installed_rank` > 27 ORDER BY `installed_rank`
1747134425292|0|statement|connection 0|url jdbc:p6spy:mysql://localhost:3306/jobis_prod_copy|SELECT RELEASE_LOCK('Flyway--1896437612')|SELECT RELEASE_LOCK('Flyway--1896437612')
1747134425294|0|statement|connection 0|url jdbc:p6spy:mysql://localhost:3306/jobis_prod_copy|SELECT variable_name FROM performance_schema.user_variables_by_thread WHERE variable_value IS NOT NULL|SELECT variable_name FROM performance_schema.user_variables_by_thread WHERE variable_value IS NOT NULL
1747134425295|0|statement|connection 0|url jdbc:p6spy:mysql://localhost:3306/jobis_prod_copy|SET foreign_key_checks=?, sql_safe_updates=?|SET foreign_key_checks=1, sql_safe_updates=0
1747134425298|0|commit|connection 0|url jdbc:p6spy:mysql://localhost:3306/jobis_prod_copy||
1747134427124|0|statement|connection 0|url jdbc:p6spy:mysql://localhost:3306/jobis_prod_copy|select * from `jobis_prod_copy`.`tbl_company` where 1=0|select * from `jobis_prod_copy`.`tbl_company` where 1=0
1747134427127|0|statement|connection 0|url jdbc:p6spy:mysql://localhost:3306/jobis_prod_copy|select * from `jobis_prod_copy`.`tbl_student` where 1=0|select * from `jobis_prod_copy`.`tbl_student` where 1=0
1747134427132|0|statement|connection 0|url jdbc:p6spy:mysql://localhost:3306/jobis_prod_copy|select * from `jobis_prod_copy`.`tbl_recruitment` where 1=0|select * from `jobis_prod_copy`.`tbl_recruitment` where 1=0
1747134427134|0|statement|connection 0|url jdbc:p6spy:mysql://localhost:3306/jobis_prod_copy|select * from `jobis_prod_copy`.`tbl_student` where 1=0|select * from `jobis_prod_copy`.`tbl_student` where 1=0
1747134427138|0|statement|connection 0|url jdbc:p6spy:mysql://localhost:3306/jobis_prod_copy|select * from `jobis_prod_copy`.`tbl_application` where 1=0|select * from `jobis_prod_copy`.`tbl_application` where 1=0
1747134427143|0|statement|connection 0|url jdbc:p6spy:mysql://localhost:3306/jobis_prod_copy|select * from `jobis_prod_copy`.`tbl_recruitment` where 1=0|select * from `jobis_prod_copy`.`tbl_recruitment` where 1=0
1747134427145|0|statement|connection 0|url jdbc:p6spy:mysql://localhost:3306/jobis_prod_copy|select * from `jobis_prod_copy`.`tbl_student` where 1=0|select * from `jobis_prod_copy`.`tbl_student` where 1=0
1747134427150|0|statement|connection 0|url jdbc:p6spy:mysql://localhost:3306/jobis_prod_copy|select * from `jobis_prod_copy`.`tbl_bug_report` where 1=0|select * from `jobis_prod_copy`.`tbl_bug_report` where 1=0
1747134427156|0|statement|connection 0|url jdbc:p6spy:mysql://localhost:3306/jobis_prod_copy|select * from `jobis_prod_copy`.`tbl_student` where 1=0|select * from `jobis_prod_copy`.`tbl_student` where 1=0
1747134427162|0|statement|connection 0|url jdbc:p6spy:mysql://localhost:3306/jobis_prod_copy|select * from `jobis_prod_copy`.`tbl_code` where 1=0|select * from `jobis_prod_copy`.`tbl_code` where 1=0
1747134427173|0|statement|connection 0|url jdbc:p6spy:mysql://localhost:3306/jobis_prod_copy|select * from `jobis_prod_copy`.`tbl_code` where 1=0|select * from `jobis_prod_copy`.`tbl_code` where 1=0
1747134427176|0|statement|connection 0|url jdbc:p6spy:mysql://localhost:3306/jobis_prod_copy|select * from `jobis_prod_copy`.`tbl_student` where 1=0|select * from `jobis_prod_copy`.`tbl_student` where 1=0
1747134427185|0|statement|connection 0|url jdbc:p6spy:mysql://localhost:3306/jobis_prod_copy|select * from `jobis_prod_copy`.`tbl_notice` where 1=0|select * from `jobis_prod_copy`.`tbl_notice` where 1=0
1747134427190|0|statement|connection 0|url jdbc:p6spy:mysql://localhost:3306/jobis_prod_copy|select * from `jobis_prod_copy`.`tbl_user` where 1=0|select * from `jobis_prod_copy`.`tbl_user` where 1=0
1747134427197|0|statement|connection 0|url jdbc:p6spy:mysql://localhost:3306/jobis_prod_copy|select * from `jobis_prod_copy`.`tbl_student` where 1=0|select * from `jobis_prod_copy`.`tbl_student` where 1=0
1747134427203|0|statement|connection 0|url jdbc:p6spy:mysql://localhost:3306/jobis_prod_copy|select * from `jobis_prod_copy`.`tbl_code` where 1=0|select * from `jobis_prod_copy`.`tbl_code` where 1=0
1747134427205|0|statement|connection 0|url jdbc:p6spy:mysql://localhost:3306/jobis_prod_copy|select * from `jobis_prod_copy`.`tbl_review` where 1=0|select * from `jobis_prod_copy`.`tbl_review` where 1=0
1747134427212|0|statement|connection 0|url jdbc:p6spy:mysql://localhost:3306/jobis_prod_copy|select * from `jobis_prod_copy`.`tbl_recruitment` where 1=0|select * from `jobis_prod_copy`.`tbl_recruitment` where 1=0
1747134427222|0|statement|connection 0|url jdbc:p6spy:mysql://localhost:3306/jobis_prod_copy|select * from `jobis_prod_copy`.`tbl_code` where 1=0|select * from `jobis_prod_copy`.`tbl_code` where 1=0
1747134427224|0|statement|connection 0|url jdbc:p6spy:mysql://localhost:3306/jobis_prod_copy|select * from `jobis_prod_copy`.`tbl_recruit_area` where 1=0|select * from `jobis_prod_copy`.`tbl_recruit_area` where 1=0
1747134427230|0|statement|connection 0|url jdbc:p6spy:mysql://localhost:3306/jobis_prod_copy|select * from `jobis_prod_copy`.`tbl_company` where 1=0|select * from `jobis_prod_copy`.`tbl_company` where 1=0
1747134427239|0|statement|connection 0|url jdbc:p6spy:mysql://localhost:3306/jobis_prod_copy|select * from `jobis_prod_copy`.`tbl_company` where 1=0|select * from `jobis_prod_copy`.`tbl_company` where 1=0
1747134427241|0|statement|connection 0|url jdbc:p6spy:mysql://localhost:3306/jobis_prod_copy|select * from `jobis_prod_copy`.`tbl_student` where 1=0|select * from `jobis_prod_copy`.`tbl_student` where 1=0
1747134427247|0|statement|connection 0|url jdbc:p6spy:mysql://localhost:3306/jobis_prod_copy|select * from `jobis_prod_copy`.`tbl_user` where 1=0|select * from `jobis_prod_copy`.`tbl_user` where 1=0
1747134427252|0|statement|connection 0|url jdbc:p6spy:mysql://localhost:3306/jobis_prod_copy|select * from `jobis_prod_copy`.`tbl_user` where 1=0|select * from `jobis_prod_copy`.`tbl_user` where 1=0
1747134438096|0|statement|connection 0|url jdbc:p6spy:mysql://localhost:3306/jobis_prod_copy|select u1_0.id,u1_0.account_id,u1_0.authority,u1_0.created_at,u1_0.password,u1_0.token from tbl_user u1_0 where u1_0.account_id=?|select u1_0.id,u1_0.account_id,u1_0.authority,u1_0.created_at,u1_0.password,u1_0.token from tbl_user u1_0 where u1_0.account_id='test@dsm.hs.kr'
1747134438604|0|commit|connection 0|url jdbc:p6spy:mysql://localhost:3306/jobis_prod_copy||
1747134440907|0|statement|connection 0|url jdbc:p6spy:mysql://localhost:3306/jobis_prod_copy|select u1_0.id,u1_0.account_id,u1_0.authority,u1_0.created_at,u1_0.password,u1_0.token from tbl_user u1_0 where u1_0.account_id=?|select u1_0.id,u1_0.account_id,u1_0.authority,u1_0.created_at,u1_0.password,u1_0.token from tbl_user u1_0 where u1_0.account_id='test@dsm.hs.kr'
1747134441126|0|commit|connection 0|url jdbc:p6spy:mysql://localhost:3306/jobis_prod_copy||
